<?xml version="1.0" encoding="UTF-8"?>
<testsuite name="TwoFerSpec" tests="1" skipped="0" failures="1" errors="0" timestamp="2022-09-01T12:07:15" hostname="focus" time="0.45">
  <properties/>
  <testcase name="No name given" classname="TwoFerSpec" time="0.45">
    <failure message="Condition not satisfied:&#10;&#10;TwoFer.twoFer() == 'One for you, one for me.'&#10;|      |        |&#10;|      null     false&#10;class TwoFer&#10;" type="org.spockframework.runtime.SpockComparisonFailure">Condition not satisfied:

TwoFer.twoFer() == 'One for you, one for me.'
|      |        |
|      null     false
class TwoFer

	at TwoFerSpec.No name given(TwoFerSpec.groovy:7)
</failure>
  </testcase>
  <system-out><![CDATA[One for you, one for me.
]]></system-out>
  <system-err><![CDATA[]]></system-err>
</testsuite>
