<?xml version="1.0" encoding="UTF-8"?>
<testsuite name="HelloWorldSpec" tests="1" skipped="0" failures="0" errors="0" timestamp="2022-09-01T12:08:51" hostname="focus" time="0.239">
  <properties/>
  <testcase name="Say Hi!" classname="HelloWorldSpec" time="0.239"/>
  <system-out><![CDATA[]]></system-out>
  <system-err><![CDATA[]]></system-err>
</testsuite>
