<?xml version="1.0" encoding="UTF-8"?>
<testsuite name="TwoferTest" tests="3" skipped="0" failures="0" errors="0" timestamp="2022-08-22T18:58:31" hostname="focus" time="0.041">
  <properties/>
  <testcase name="noNameGiven" classname="TwoferTest" time="0.036"/>
  <testcase name="aNameGiven" classname="TwoferTest" time="0.004"/>
  <testcase name="anotherNameGiven" classname="TwoferTest" time="0.0"/>
  <system-out><![CDATA[]]></system-out>
  <system-err><![CDATA[]]></system-err>
</testsuite>
